app/build/intermediates/manifest_merge_blame_file/debug/manifest-merger-blame-debug-report.txt
1<?xml version="1.0" encoding="utf-8"?>
2<manifest xmlns:android="http://schemas.android.com/apk/res/android"
3    package="in.nafj"
4    android:versionCode="1"
5    android:versionName="1.0" >
6
7    <uses-sdk
8        android:minSdkVersion="24"
8-->src\main\AndroidManifest.xml
9        android:targetSdkVersion="31" />
9-->src\main\AndroidManifest.xml
10
11    <uses-permission android:name="android.permission.ACCESS_NETWORK_STATE" />
11-->[com.google.firebase:firebase-messaging:23.0.0] AndroidManifest.xml:22:5-79
11-->[com.google.firebase:firebase-messaging:23.0.0] AndroidManifest.xml:22:22-76
12    <uses-permission android:name="android.permission.WAKE_LOCK" /> <!-- Required by older versions of Google Play services to create IID tokens -->
12-->[com.google.firebase:firebase-messaging:23.0.0] AndroidManifest.xml:23:5-68
12-->[com.google.firebase:firebase-messaging:23.0.0] AndroidManifest.xml:23:22-65
13    <uses-permission android:name="com.google.android.c2dm.permission.RECEIVE" />
13-->[com.google.firebase:firebase-messaging:23.0.0] AndroidManifest.xml:25:5-82
13-->[com.google.firebase:firebase-messaging:23.0.0] AndroidManifest.xml:25:22-79
14    <uses-permission android:name="android.permission.INTERNET" />
14-->[com.google.android.datatransport:transport-backend-cct:3.0.0] AndroidManifest.xml:26:5-67
14-->[com.google.android.datatransport:transport-backend-cct:3.0.0] AndroidManifest.xml:26:22-64
15    <uses-permission android:name="com.google.android.finsky.permission.BIND_GET_INSTALL_REFERRER_SERVICE" /> <!-- Include required permissions for Advertising Id -->
15-->[com.google.android.gms:play-services-measurement:20.0.2] AndroidManifest.xml:26:5-110
15-->[com.google.android.gms:play-services-measurement:20.0.2] AndroidManifest.xml:26:22-107
16    <uses-permission android:name="com.google.android.gms.permission.AD_ID" />
16-->[com.google.android.gms:play-services-ads-identifier:18.0.0] AndroidManifest.xml:23:5-79
16-->[com.google.android.gms:play-services-ads-identifier:18.0.0] AndroidManifest.xml:23:22-76
17
18    <application
18-->src\main\AndroidManifest.xml:6:5-87:19
19        android:allowBackup="true"
19-->src\main\AndroidManifest.xml:7:9-35
20        android:appComponentFactory="androidx.core.app.CoreComponentFactory"
20-->[androidx.core:core:1.7.0] AndroidManifest.xml:24:18-86
21        android:debuggable="true"
22        android:extractNativeLibs="false"
23        android:icon="@mipmap/ic_launcher"
23-->src\main\AndroidManifest.xml:8:9-43
24        android:label="@string/app_name"
24-->src\main\AndroidManifest.xml:9:9-41
25        android:roundIcon="@mipmap/ic_launcher_round"
25-->src\main\AndroidManifest.xml:10:9-54
26        android:supportsRtl="true"
26-->src\main\AndroidManifest.xml:11:9-35
27        android:testOnly="true"
28        android:theme="@style/Theme.Nafj"
28-->src\main\AndroidManifest.xml:12:9-42
29        android:usesCleartextTraffic="true" >
29-->src\main\AndroidManifest.xml:13:9-44
30        <activity
30-->src\main\AndroidManifest.xml:14:9-19:56
31            android:name="in.nafj.activity.NotificationListingActivity"
31-->src\main\AndroidManifest.xml:15:13-65
32            android:exported="false"
32-->src\main\AndroidManifest.xml:16:13-37
33            android:launchMode="singleTask"
33-->src\main\AndroidManifest.xml:17:13-44
34            android:screenOrientation="portrait" />
34-->src\main\AndroidManifest.xml:18:13-49
35        <activity
35-->src\main\AndroidManifest.xml:20:9-25:56
36            android:name="in.nafj.activity.OrderListingActivity"
36-->src\main\AndroidManifest.xml:21:13-58
37            android:exported="false"
37-->src\main\AndroidManifest.xml:22:13-37
38            android:launchMode="singleTask"
38-->src\main\AndroidManifest.xml:23:13-44
39            android:screenOrientation="portrait" />
39-->src\main\AndroidManifest.xml:24:13-49
40        <activity
40-->src\main\AndroidManifest.xml:26:9-30:55
41            android:name="in.nafj.activity.ProductListingActivity"
41-->src\main\AndroidManifest.xml:27:13-60
42            android:exported="false"
42-->src\main\AndroidManifest.xml:28:13-37
43            android:screenOrientation="portrait" />
43-->src\main\AndroidManifest.xml:29:13-49
44        <activity
44-->src\main\AndroidManifest.xml:31:9-36:55
45            android:name="in.nafj.activity.LoginOtpActivity"
45-->src\main\AndroidManifest.xml:32:13-54
46            android:exported="false"
46-->src\main\AndroidManifest.xml:33:13-37
47            android:launchMode="singleTask"
47-->src\main\AndroidManifest.xml:34:13-44
48            android:screenOrientation="portrait" />
48-->src\main\AndroidManifest.xml:35:13-49
49        <activity
49-->src\main\AndroidManifest.xml:37:9-41:56
50            android:name="in.nafj.activity.ViewProductActivity"
50-->src\main\AndroidManifest.xml:38:13-57
51            android:exported="false"
51-->src\main\AndroidManifest.xml:39:13-37
52            android:screenOrientation="portrait" />
52-->src\main\AndroidManifest.xml:40:13-49
53        <activity
53-->src\main\AndroidManifest.xml:42:9-46:56
54            android:name="in.nafj.activity.ProfileActivity"
54-->src\main\AndroidManifest.xml:43:13-53
55            android:exported="false"
55-->src\main\AndroidManifest.xml:44:13-37
56            android:screenOrientation="portrait" />
56-->src\main\AndroidManifest.xml:45:13-49
57        <activity
57-->src\main\AndroidManifest.xml:47:9-52:55
58            android:name="in.nafj.activity.ViewCartActivity"
58-->src\main\AndroidManifest.xml:48:13-54
59            android:exported="false"
59-->src\main\AndroidManifest.xml:49:13-37
60            android:launchMode="singleTask"
60-->src\main\AndroidManifest.xml:50:13-44
61            android:screenOrientation="portrait" />
61-->src\main\AndroidManifest.xml:51:13-49
62        <activity
62-->src\main\AndroidManifest.xml:53:9-57:56
63            android:name="in.nafj.activity.SubCategoryListingActivity"
63-->src\main\AndroidManifest.xml:54:13-64
64            android:exported="false"
64-->src\main\AndroidManifest.xml:55:13-37
65            android:screenOrientation="portrait" />
65-->src\main\AndroidManifest.xml:56:13-49
66        <activity
66-->src\main\AndroidManifest.xml:58:9-64:20
67            android:name="in.nafj.activity.HomeActivity"
67-->src\main\AndroidManifest.xml:59:13-50
68            android:exported="true"
68-->src\main\AndroidManifest.xml:60:13-36
69            android:screenOrientation="portrait" >
69-->src\main\AndroidManifest.xml:61:13-49
70        </activity>
71        <activity
71-->src\main\AndroidManifest.xml:65:9-75:20
72            android:name="in.nafj.activity.LoginActivity"
72-->src\main\AndroidManifest.xml:66:13-51
73            android:exported="true"
73-->src\main\AndroidManifest.xml:67:13-36
74            android:screenOrientation="portrait" >
74-->src\main\AndroidManifest.xml:68:13-49
75            <intent-filter>
75-->src\main\AndroidManifest.xml:70:13-74:29
76                <action android:name="android.intent.action.MAIN" />
76-->src\main\AndroidManifest.xml:71:17-69
76-->src\main\AndroidManifest.xml:71:25-66
77
78                <category android:name="android.intent.category.LAUNCHER" />
78-->src\main\AndroidManifest.xml:73:17-77
78-->src\main\AndroidManifest.xml:73:27-74
79            </intent-filter>
80        </activity>
81        <activity
81-->src\main\AndroidManifest.xml:76:9-78:39
82            android:name="in.nafj.activity.SignUpActivity"
82-->src\main\AndroidManifest.xml:77:13-52
83            android:exported="true" />
83-->src\main\AndroidManifest.xml:78:13-36
84
85        <service
85-->src\main\AndroidManifest.xml:80:9-86:19
86            android:name="in.nafj.service.MyFirebaseMessagingService"
86-->src\main\AndroidManifest.xml:81:13-63
87            android:exported="false" >
87-->src\main\AndroidManifest.xml:82:13-37
88            <intent-filter>
88-->src\main\AndroidManifest.xml:83:13-85:29
89                <action android:name="com.google.firebase.MESSAGING_EVENT" />
89-->src\main\AndroidManifest.xml:84:17-78
89-->src\main\AndroidManifest.xml:84:25-75
90            </intent-filter>
91        </service>
92
93        <receiver
93-->[com.google.firebase:firebase-messaging:23.0.0] AndroidManifest.xml:28:9-35:20
94            android:name="com.google.firebase.iid.FirebaseInstanceIdReceiver"
94-->[com.google.firebase:firebase-messaging:23.0.0] AndroidManifest.xml:29:13-78
95            android:exported="true"
95-->[com.google.firebase:firebase-messaging:23.0.0] AndroidManifest.xml:30:13-36
96            android:permission="com.google.android.c2dm.permission.SEND" >
96-->[com.google.firebase:firebase-messaging:23.0.0] AndroidManifest.xml:31:13-73
97            <intent-filter>
97-->[com.google.firebase:firebase-messaging:23.0.0] AndroidManifest.xml:32:13-34:29
98                <action android:name="com.google.android.c2dm.intent.RECEIVE" />
98-->[com.google.firebase:firebase-messaging:23.0.0] AndroidManifest.xml:33:17-81
98-->[com.google.firebase:firebase-messaging:23.0.0] AndroidManifest.xml:33:25-78
99            </intent-filter>
100        </receiver>
101        <!--
102             FirebaseMessagingService performs security checks at runtime,
103             but set to not exported to explicitly avoid allowing another app to call it.
104        -->
105        <service
105-->[com.google.firebase:firebase-messaging:23.0.0] AndroidManifest.xml:41:9-48:19
106            android:name="com.google.firebase.messaging.FirebaseMessagingService"
106-->[com.google.firebase:firebase-messaging:23.0.0] AndroidManifest.xml:42:13-82
107            android:directBootAware="true"
107-->[com.google.firebase:firebase-messaging:23.0.0] AndroidManifest.xml:43:13-43
108            android:exported="false" >
108-->[com.google.firebase:firebase-messaging:23.0.0] AndroidManifest.xml:44:13-37
109            <intent-filter android:priority="-500" >
109-->src\main\AndroidManifest.xml:83:13-85:29
110                <action android:name="com.google.firebase.MESSAGING_EVENT" />
110-->src\main\AndroidManifest.xml:84:17-78
110-->src\main\AndroidManifest.xml:84:25-75
111            </intent-filter>
112        </service>
113        <service
113-->[com.google.firebase:firebase-messaging:23.0.0] AndroidManifest.xml:49:9-55:19
114            android:name="com.google.firebase.components.ComponentDiscoveryService"
114-->[com.google.firebase:firebase-messaging:23.0.0] AndroidManifest.xml:50:13-84
115            android:directBootAware="true"
115-->[com.google.firebase:firebase-common:20.0.0] AndroidManifest.xml:35:13-43
116            android:exported="false" >
116-->[com.google.firebase:firebase-messaging:23.0.0] AndroidManifest.xml:51:13-37
117            <meta-data
117-->[com.google.firebase:firebase-messaging:23.0.0] AndroidManifest.xml:52:13-54:85
118                android:name="com.google.firebase.components:com.google.firebase.messaging.FirebaseMessagingRegistrar"
118-->[com.google.firebase:firebase-messaging:23.0.0] AndroidManifest.xml:53:17-119
119                android:value="com.google.firebase.components.ComponentRegistrar" />
119-->[com.google.firebase:firebase-messaging:23.0.0] AndroidManifest.xml:54:17-82
120            <meta-data
120-->[com.google.firebase:firebase-datatransport:18.0.0] AndroidManifest.xml:28:13-30:85
121                android:name="com.google.firebase.components:com.google.firebase.datatransport.TransportRegistrar"
121-->[com.google.firebase:firebase-datatransport:18.0.0] AndroidManifest.xml:29:17-115
122                android:value="com.google.firebase.components.ComponentRegistrar" />
122-->[com.google.firebase:firebase-datatransport:18.0.0] AndroidManifest.xml:30:17-82
123            <meta-data
123-->[com.google.android.gms:play-services-measurement-api:20.0.2] AndroidManifest.xml:30:13-32:85
124                android:name="com.google.firebase.components:com.google.firebase.analytics.connector.internal.AnalyticsConnectorRegistrar"
124-->[com.google.android.gms:play-services-measurement-api:20.0.2] AndroidManifest.xml:31:17-139
125                android:value="com.google.firebase.components.ComponentRegistrar" />
125-->[com.google.android.gms:play-services-measurement-api:20.0.2] AndroidManifest.xml:32:17-82
126            <meta-data
126-->[com.google.firebase:firebase-installations:17.0.0] AndroidManifest.xml:18:13-20:85
127                android:name="com.google.firebase.components:com.google.firebase.installations.FirebaseInstallationsRegistrar"
127-->[com.google.firebase:firebase-installations:17.0.0] AndroidManifest.xml:19:17-127
128                android:value="com.google.firebase.components.ComponentRegistrar" />
128-->[com.google.firebase:firebase-installations:17.0.0] AndroidManifest.xml:20:17-82
129        </service>
130        <service
130-->[com.google.android.datatransport:transport-backend-cct:3.0.0] AndroidManifest.xml:29:9-35:19
131            android:name="com.google.android.datatransport.runtime.backends.TransportBackendDiscovery"
131-->[com.google.android.datatransport:transport-backend-cct:3.0.0] AndroidManifest.xml:30:13-103
132            android:exported="false" >
132-->[com.google.android.datatransport:transport-backend-cct:3.0.0] AndroidManifest.xml:31:13-37
133            <meta-data
133-->[com.google.android.datatransport:transport-backend-cct:3.0.0] AndroidManifest.xml:32:13-34:39
134                android:name="backend:com.google.android.datatransport.cct.CctBackendFactory"
134-->[com.google.android.datatransport:transport-backend-cct:3.0.0] AndroidManifest.xml:33:17-94
135                android:value="cct" />
135-->[com.google.android.datatransport:transport-backend-cct:3.0.0] AndroidManifest.xml:34:17-36
136        </service>
137
138        <provider
138-->[com.google.firebase:firebase-common:20.0.0] AndroidManifest.xml:26:9-31:39
139            android:name="com.google.firebase.provider.FirebaseInitProvider"
139-->[com.google.firebase:firebase-common:20.0.0] AndroidManifest.xml:27:13-77
140            android:authorities="in.nafj.firebaseinitprovider"
140-->[com.google.firebase:firebase-common:20.0.0] AndroidManifest.xml:28:13-72
141            android:directBootAware="true"
141-->[com.google.firebase:firebase-common:20.0.0] AndroidManifest.xml:29:13-43
142            android:exported="false"
142-->[com.google.firebase:firebase-common:20.0.0] AndroidManifest.xml:30:13-37
143            android:initOrder="100" />
143-->[com.google.firebase:firebase-common:20.0.0] AndroidManifest.xml:31:13-36
144
145        <receiver
145-->[com.google.android.gms:play-services-measurement:20.0.2] AndroidManifest.xml:29:9-33:20
146            android:name="com.google.android.gms.measurement.AppMeasurementReceiver"
146-->[com.google.android.gms:play-services-measurement:20.0.2] AndroidManifest.xml:30:13-85
147            android:enabled="true"
147-->[com.google.android.gms:play-services-measurement:20.0.2] AndroidManifest.xml:31:13-35
148            android:exported="false" >
148-->[com.google.android.gms:play-services-measurement:20.0.2] AndroidManifest.xml:32:13-37
149        </receiver>
150
151        <service
151-->[com.google.android.gms:play-services-measurement:20.0.2] AndroidManifest.xml:35:9-38:40
152            android:name="com.google.android.gms.measurement.AppMeasurementService"
152-->[com.google.android.gms:play-services-measurement:20.0.2] AndroidManifest.xml:36:13-84
153            android:enabled="true"
153-->[com.google.android.gms:play-services-measurement:20.0.2] AndroidManifest.xml:37:13-35
154            android:exported="false" />
154-->[com.google.android.gms:play-services-measurement:20.0.2] AndroidManifest.xml:38:13-37
155        <service
155-->[com.google.android.gms:play-services-measurement:20.0.2] AndroidManifest.xml:39:9-43:72
156            android:name="com.google.android.gms.measurement.AppMeasurementJobService"
156-->[com.google.android.gms:play-services-measurement:20.0.2] AndroidManifest.xml:40:13-87
157            android:enabled="true"
157-->[com.google.android.gms:play-services-measurement:20.0.2] AndroidManifest.xml:41:13-35
158            android:exported="false"
158-->[com.google.android.gms:play-services-measurement:20.0.2] AndroidManifest.xml:42:13-37
159            android:permission="android.permission.BIND_JOB_SERVICE" />
159-->[com.google.android.gms:play-services-measurement:20.0.2] AndroidManifest.xml:43:13-69
160
161        <meta-data
161-->[com.google.android.gms:play-services-basement:18.0.0] AndroidManifest.xml:21:9-23:69
162            android:name="com.google.android.gms.version"
162-->[com.google.android.gms:play-services-basement:18.0.0] AndroidManifest.xml:22:13-58
163            android:value="@integer/google_play_services_version" />
163-->[com.google.android.gms:play-services-basement:18.0.0] AndroidManifest.xml:23:13-66
164
165        <provider
165-->[androidx.emoji2:emoji2:1.0.0] AndroidManifest.xml:26:9-34:20
166            android:name="androidx.startup.InitializationProvider"
166-->[androidx.emoji2:emoji2:1.0.0] AndroidManifest.xml:27:13-67
167            android:authorities="in.nafj.androidx-startup"
167-->[androidx.emoji2:emoji2:1.0.0] AndroidManifest.xml:28:13-68
168            android:exported="false" >
168-->[androidx.emoji2:emoji2:1.0.0] AndroidManifest.xml:29:13-37
169            <meta-data
169-->[androidx.emoji2:emoji2:1.0.0] AndroidManifest.xml:31:13-33:52
170                android:name="androidx.emoji2.text.EmojiCompatInitializer"
170-->[androidx.emoji2:emoji2:1.0.0] AndroidManifest.xml:32:17-75
171                android:value="androidx.startup" />
171-->[androidx.emoji2:emoji2:1.0.0] AndroidManifest.xml:33:17-49
172            <meta-data
172-->[androidx.lifecycle:lifecycle-process:2.4.0] AndroidManifest.xml:31:13-33:52
173                android:name="androidx.lifecycle.ProcessLifecycleInitializer"
173-->[androidx.lifecycle:lifecycle-process:2.4.0] AndroidManifest.xml:32:17-78
174                android:value="androidx.startup" />
174-->[androidx.lifecycle:lifecycle-process:2.4.0] AndroidManifest.xml:33:17-49
175        </provider>
176
177        <service
177-->[com.google.android.datatransport:transport-runtime:3.0.0] AndroidManifest.xml:26:9-30:19
178            android:name="com.google.android.datatransport.runtime.scheduling.jobscheduling.JobInfoSchedulerService"
178-->[com.google.android.datatransport:transport-runtime:3.0.0] AndroidManifest.xml:27:13-117
179            android:exported="false"
179-->[com.google.android.datatransport:transport-runtime:3.0.0] AndroidManifest.xml:28:13-37
180            android:permission="android.permission.BIND_JOB_SERVICE" >
180-->[com.google.android.datatransport:transport-runtime:3.0.0] AndroidManifest.xml:29:13-69
181        </service>
182
183        <receiver
183-->[com.google.android.datatransport:transport-runtime:3.0.0] AndroidManifest.xml:32:9-34:40
184            android:name="com.google.android.datatransport.runtime.scheduling.jobscheduling.AlarmManagerSchedulerBroadcastReceiver"
184-->[com.google.android.datatransport:transport-runtime:3.0.0] AndroidManifest.xml:33:13-132
185            android:exported="false" />
185-->[com.google.android.datatransport:transport-runtime:3.0.0] AndroidManifest.xml:34:13-37
186    </application>
187
188</manifest>